<?xml version="1.0" encoding="UTF-8"?>
<testsuite name="ComputerRepairRequestTest" tests="2" skipped="0" failures="0" errors="0" timestamp="2025-03-04T06:58:05" hostname="DESKTOP-3A95INT" time="0.021">
  <properties/>
  <testcase name="test1()" classname="ComputerRepairRequestTest" time="0.018"/>
  <testcase name="test2()" classname="ComputerRepairRequestTest" time="0.002"/>
  <system-out><![CDATA[]]></system-out>
  <system-err><![CDATA[]]></system-err>
</testsuite>
